<?xml version="1.0" encoding="UTF-8"?>
<testsuite name="com.userregistration.PhoneNumberTest" tests="6" skipped="0" failures="0" errors="0" timestamp="2021-07-05T06:55:15" hostname="LAPTOP-PHH2ABQR" time="0.005">
  <properties/>
  <testcase name="givenPhoneNumberAsVar_ShouldReturnTrueOrFalse[0]" classname="com.userregistration.PhoneNumberTest" time="0.002"/>
  <testcase name="givenPhoneNumberAsVar_ShouldReturnTrueOrFalse[1]" classname="com.userregistration.PhoneNumberTest" time="0.0"/>
  <testcase name="givenPhoneNumberAsVar_ShouldReturnTrueOrFalse[2]" classname="com.userregistration.PhoneNumberTest" time="0.0"/>
  <testcase name="givenPhoneNumberAsVar_ShouldReturnTrueOrFalse[3]" classname="com.userregistration.PhoneNumberTest" time="0.001"/>
  <testcase name="givenPhoneNumberAsVar_ShouldReturnTrueOrFalse[4]" classname="com.userregistration.PhoneNumberTest" time="0.0"/>
  <testcase name="givenPhoneNumberAsVar_ShouldReturnTrueOrFalse[5]" classname="com.userregistration.PhoneNumberTest" time="0.0"/>
  <system-out><![CDATA[]]></system-out>
  <system-err><![CDATA[]]></system-err>
</testsuite>
