<?xml version="1.0" encoding="UTF-8"?>
<testsuite name="com.userregistration.FirstNameTest" tests="4" skipped="0" failures="0" errors="0" timestamp="2021-07-05T15:50:18" hostname="LAPTOP-PHH2ABQR" time="0.012">
  <properties/>
  <testcase name="givenFirstNameAsVar_ShouldReturnTrueOrFalse[0]" classname="com.userregistration.FirstNameTest" time="0.005"/>
  <testcase name="givenFirstNameAsVar_ShouldReturnTrueOrFalse[1]" classname="com.userregistration.FirstNameTest" time="0.0"/>
  <testcase name="givenFirstNameAsVar_ShouldReturnTrueOrFalse[2]" classname="com.userregistration.FirstNameTest" time="0.004"/>
  <testcase name="givenFirstNameAsVar_ShouldReturnTrueOrFalse[3]" classname="com.userregistration.FirstNameTest" time="0.001"/>
  <system-out><![CDATA[]]></system-out>
  <system-err><![CDATA[]]></system-err>
</testsuite>
